Started GET "/" for 127.0.0.1 at 2018-08-03 08:25:06 +0200
Processing by Rails::WelcomeController#index as HTML
  Rendering /home/ritual/.rvm/gems/ruby-2.3.4/gems/railties-5.2.0/lib/rails/templates/rails/welcome/index.html.erb
  Rendered /home/ritual/.rvm/gems/ruby-2.3.4/gems/railties-5.2.0/lib/rails/templates/rails/welcome/index.html.erb (4.7ms)
Completed 200 OK in 18ms (Views: 10.6ms | ActiveRecord: 0.0ms)


Started GET "/" for 127.0.0.1 at 2018-08-03 08:33:09 +0200
Processing by HomeController#index as HTML
  Rendering home/index.html.erb within layouts/application
  Rendered home/index.html.erb within layouts/application (0.3ms)
Completed 200 OK in 2465ms (Views: 2463.7ms | ActiveRecord: 0.0ms)


Started GET "/" for 127.0.0.1 at 2018-08-03 08:47:28 +0200
Processing by HomeController#index as HTML
  Rendering home/index.html.erb within layouts/application
  Rendered home/index.html.erb within layouts/application (0.9ms)
Completed 200 OK in 46ms (Views: 44.3ms | ActiveRecord: 0.0ms)


Started GET "/home/about" for 127.0.0.1 at 2018-08-03 08:47:30 +0200
Processing by HomeController#about as HTML
  Rendering home/about.html.erb within layouts/application
  Rendered home/about.html.erb within layouts/application (1.1ms)
Completed 200 OK in 45ms (Views: 41.2ms | ActiveRecord: 0.0ms)


Started GET "/" for 127.0.0.1 at 2018-08-03 08:47:33 +0200
Processing by HomeController#index as HTML
  Rendering home/index.html.erb within layouts/application
  Rendered home/index.html.erb within layouts/application (0.6ms)
Completed 200 OK in 44ms (Views: 40.1ms | ActiveRecord: 0.0ms)


Started GET "/" for 127.0.0.1 at 2018-08-03 08:52:17 +0200
Processing by HomeController#index as HTML
  Rendering home/index.html.erb within layouts/application
  Rendered home/index.html.erb within layouts/application (248.9ms)
Completed 500 Internal Server Error in 255ms (ActiveRecord: 0.0ms)


  
ActionView::Template::Error (undefined local variable or method `home' for #<#<Class:0x0055df48b8b460>:0x007fd51c1173a0>):
    1: <%= render home/header %>
    2: <h1>Strona Główna Wita</h1>
    3: <p>Znaczy... tak na prawdę to ja witam. Strona główna się wyświetla tylko.</p>
    4: <p>
  
app/views/home/index.html.erb:1:in `_app_views_home_index_html_erb___3080116655528460022_70276637834900'
Started GET "/" for 127.0.0.1 at 2018-08-03 08:53:21 +0200
Processing by HomeController#index as HTML
  Rendering home/index.html.erb within layouts/application
  Rendered home/_header.html.erb (0.8ms)
  Rendered home/index.html.erb within layouts/application (2.6ms)
Completed 200 OK in 41ms (Views: 37.9ms | ActiveRecord: 0.0ms)


Started GET "/" for 127.0.0.1 at 2018-08-03 08:53:36 +0200
Processing by HomeController#index as HTML
  Rendering home/index.html.erb within layouts/application
  Rendered home/_header.html.erb (0.6ms)
  Rendered home/index.html.erb within layouts/application (2.9ms)
Completed 200 OK in 31ms (Views: 28.0ms | ActiveRecord: 0.0ms)


Started GET "/home/about" for 127.0.0.1 at 2018-08-03 08:53:40 +0200
Processing by HomeController#about as HTML
  Rendering home/about.html.erb within layouts/application
  Rendered home/about.html.erb within layouts/application (1.3ms)
Completed 200 OK in 34ms (Views: 32.1ms | ActiveRecord: 0.0ms)


Started GET "/home/about" for 127.0.0.1 at 2018-08-03 08:54:06 +0200
Processing by HomeController#about as HTML
  Rendering home/about.html.erb within layouts/application
  Rendered home/about.html.erb within layouts/application (0.6ms)
Completed 200 OK in 25ms (Views: 22.2ms | ActiveRecord: 0.0ms)


Started GET "/" for 127.0.0.1 at 2018-08-03 08:54:09 +0200
Processing by HomeController#index as HTML
  Rendering home/index.html.erb within layouts/application
  Rendered home/_header.html.erb (0.6ms)
  Rendered home/index.html.erb within layouts/application (2.6ms)
Completed 200 OK in 34ms (Views: 31.0ms | ActiveRecord: 0.0ms)


Started GET "/" for 127.0.0.1 at 2018-08-03 08:54:23 +0200
Processing by HomeController#index as HTML
  Rendering home/index.html.erb within layouts/application
  Rendered home/_header.html.erb (1.2ms)
  Rendered home/index.html.erb within layouts/application (3.5ms)
Completed 200 OK in 34ms (Views: 31.2ms | ActiveRecord: 0.0ms)


Started GET "/home/about" for 127.0.0.1 at 2018-08-03 08:54:25 +0200
Processing by HomeController#about as HTML
  Rendering home/about.html.erb within layouts/application
  Rendered home/_header.html.erb (1.2ms)
  Rendered home/about.html.erb within layouts/application (3.7ms)
Completed 200 OK in 32ms (Views: 30.0ms | ActiveRecord: 0.0ms)


Started GET "/" for 127.0.0.1 at 2018-08-03 08:54:26 +0200
Processing by HomeController#index as HTML
  Rendering home/index.html.erb within layouts/application
  Rendered home/_header.html.erb (0.7ms)
  Rendered home/index.html.erb within layouts/application (2.6ms)
Completed 200 OK in 32ms (Views: 29.3ms | ActiveRecord: 0.0ms)


Started GET "/home/about" for 127.0.0.1 at 2018-08-03 08:54:27 +0200
Processing by HomeController#about as HTML
  Rendering home/about.html.erb within layouts/application
  Rendered home/_header.html.erb (1.2ms)
  Rendered home/about.html.erb within layouts/application (3.5ms)
Completed 200 OK in 29ms (Views: 27.4ms | ActiveRecord: 0.0ms)


Started GET "/home/about" for 127.0.0.1 at 2018-08-03 08:58:11 +0200
Processing by HomeController#about as HTML
  Rendering home/about.html.erb within layouts/application
  Rendered home/about.html.erb within layouts/application (0.7ms)
  Rendered home/_header.html.erb (0.5ms)
Completed 200 OK in 24ms (Views: 22.5ms | ActiveRecord: 0.0ms)


Started GET "/home/about" for 127.0.0.1 at 2018-08-03 08:58:12 +0200
Processing by HomeController#about as HTML
  Rendering home/about.html.erb within layouts/application
  Rendered home/about.html.erb within layouts/application (1.0ms)
  Rendered home/_header.html.erb (1.2ms)
Completed 200 OK in 40ms (Views: 35.8ms | ActiveRecord: 0.0ms)


Started GET "/" for 127.0.0.1 at 2018-08-03 08:58:13 +0200
Processing by HomeController#index as HTML
  Rendering home/index.html.erb within layouts/application
  Rendered home/index.html.erb within layouts/application (0.8ms)
  Rendered home/_header.html.erb (0.7ms)
Completed 200 OK in 28ms (Views: 26.8ms | ActiveRecord: 0.0ms)


Started GET "/home/about" for 127.0.0.1 at 2018-08-03 08:58:14 +0200
Processing by HomeController#about as HTML
  Rendering home/about.html.erb within layouts/application
  Rendered home/about.html.erb within layouts/application (1.0ms)
  Rendered home/_header.html.erb (0.5ms)
Completed 200 OK in 34ms (Views: 30.6ms | ActiveRecord: 0.0ms)


Started GET "/" for 127.0.0.1 at 2018-08-03 08:58:15 +0200
Processing by HomeController#index as HTML
  Rendering home/index.html.erb within layouts/application
  Rendered home/index.html.erb within layouts/application (0.9ms)
  Rendered home/_header.html.erb (0.8ms)
Completed 200 OK in 29ms (Views: 26.7ms | ActiveRecord: 0.0ms)


Started GET "/" for 127.0.0.1 at 2018-08-03 08:59:35 +0200
Processing by HomeController#index as HTML
  Rendering home/index.html.erb within layouts/application
  Rendered home/index.html.erb within layouts/application (1.0ms)
  Rendered home/_header.html.erb (0.8ms)
Completed 200 OK in 25ms (Views: 23.6ms | ActiveRecord: 0.0ms)


Started GET "/" for 127.0.0.1 at 2018-08-03 09:07:36 +0200
Processing by HomeController#index as HTML
  Rendering home/index.html.erb within layouts/application
  Rendered home/index.html.erb within layouts/application (0.5ms)
  Rendered home/_header.html.erb (1.3ms)
Completed 200 OK in 21ms (Views: 19.6ms | ActiveRecord: 0.0ms)


Started GET "/home/about" for 127.0.0.1 at 2018-08-03 09:07:40 +0200
Processing by HomeController#about as HTML
  Rendering home/about.html.erb within layouts/application
  Rendered home/about.html.erb within layouts/application (0.9ms)
  Rendered home/_header.html.erb (1.0ms)
Completed 200 OK in 44ms (Views: 42.7ms | ActiveRecord: 0.0ms)


Started GET "/home/about" for 127.0.0.1 at 2018-08-03 09:07:40 +0200
Processing by HomeController#about as HTML
  Rendering home/about.html.erb within layouts/application
  Rendered home/about.html.erb within layouts/application (1.2ms)
  Rendered home/_header.html.erb (0.6ms)
Completed 200 OK in 28ms (Views: 25.7ms | ActiveRecord: 0.0ms)


Started GET "/" for 127.0.0.1 at 2018-08-03 09:07:41 +0200
Processing by HomeController#index as HTML
  Rendering home/index.html.erb within layouts/application
  Rendered home/index.html.erb within layouts/application (0.7ms)
  Rendered home/_header.html.erb (0.7ms)
Completed 200 OK in 29ms (Views: 26.4ms | ActiveRecord: 0.0ms)


Started GET "/home/about" for 127.0.0.1 at 2018-08-03 09:07:42 +0200
Processing by HomeController#about as HTML
  Rendering home/about.html.erb within layouts/application
  Rendered home/about.html.erb within layouts/application (1.6ms)
  Rendered home/_header.html.erb (0.5ms)
Completed 200 OK in 29ms (Views: 26.8ms | ActiveRecord: 0.0ms)


Started GET "/" for 127.0.0.1 at 2018-08-03 09:07:43 +0200
Processing by HomeController#index as HTML
  Rendering home/index.html.erb within layouts/application
  Rendered home/index.html.erb within layouts/application (0.6ms)
  Rendered home/_header.html.erb (0.6ms)
Completed 200 OK in 30ms (Views: 27.4ms | ActiveRecord: 0.0ms)


Started GET "/home/about" for 127.0.0.1 at 2018-08-03 09:07:43 +0200
Processing by HomeController#about as HTML
  Rendering home/about.html.erb within layouts/application
  Rendered home/about.html.erb within layouts/application (0.9ms)
  Rendered home/_header.html.erb (0.7ms)
Completed 200 OK in 31ms (Views: 28.4ms | ActiveRecord: 0.0ms)


Started GET "/" for 127.0.0.1 at 2018-08-03 09:07:43 +0200
Processing by HomeController#index as HTML
  Rendering home/index.html.erb within layouts/application
  Rendered home/index.html.erb within layouts/application (0.7ms)
  Rendered home/_header.html.erb (0.5ms)
Completed 200 OK in 26ms (Views: 24.6ms | ActiveRecord: 0.0ms)


Started GET "/home/about" for 127.0.0.1 at 2018-08-03 09:07:44 +0200
Processing by HomeController#about as HTML
  Rendering home/about.html.erb within layouts/application
  Rendered home/about.html.erb within layouts/application (1.2ms)
  Rendered home/_header.html.erb (0.6ms)
Completed 200 OK in 31ms (Views: 28.5ms | ActiveRecord: 0.0ms)


